2022-01-28T12:38:30+00:00 CRITICAL Uncaught Error: Undefined constant "WP_ENVIRONMENT_TYPE" in C:\xampp\htdocs\wordpress\wp-content\plugins\woocommerce\packages\woocommerce-admin\src\Schedulers\MailchimpScheduler.php:90
Stack trace:
#0 C:\xampp\htdocs\wordpress\wp-content\plugins\woocommerce\packages\woocommerce-admin\src\Schedulers\MailchimpScheduler.php(90): constant('WP_ENVIRONMENT_...')
#1 C:\xampp\htdocs\wordpress\wp-content\plugins\woocommerce\packages\woocommerce-admin\src\Schedulers\MailchimpScheduler.php(58): Automattic\WooCommerce\Admin\Schedulers\MailchimpScheduler->make_request('victorg9610@gma...')
#2 C:\xampp\htdocs\wordpress\wp-content\plugins\woocommerce\packages\woocommerce-admin\src\Events.php(113): Automattic\WooCommerce\Admin\Schedulers\MailchimpScheduler->run()
#3 C:\xampp\htdocs\wordpress\wp-includes\class-wp-hook.php(307): Automattic\WooCommerce\Admin\Events->do_wc_admin_daily()
#4 C:\xampp\htdocs\wordpress\wp-includes\class-wp-hook.php(331): WP_Hook->apply_filters('', Array)
#5 C:\xampp\htdocs\wordpress\wp-includes\plugin.php(522): WP_Hook->do_action(Array)
#6 C:\xampp\htdocs\wordpress\wp-cron.php(138): do_action_ref_array('wc_admin_daily', Array)
#7 {main}
  thrown en C:\xampp\htdocs\wordpress\wp-content\plugins\woocommerce\packages\woocommerce-admin\src\Schedulers\MailchimpScheduler.php en la línea 90

2022-01-28T18:38:13+00:00 CRITICAL Uncaught TypeError: count(): Argument #1 ($value) must be of type Countable|array, null given in C:\xampp\htdocs\wordpress\wp-content\plugins\woocommerce\packages\woocommerce-admin\src\Features\Marketing.php:270
Stack trace:
#0 C:\xampp\htdocs\wordpress\wp-content\plugins\woocommerce\packages\woocommerce-admin\src\Features\Marketing.php(270): count(NULL)
#1 C:\xampp\htdocs\wordpress\wp-content\plugins\woocommerce\packages\woocommerce-admin\src\API\Marketing.php(118): Automattic\WooCommerce\Admin\Features\Marketing->get_knowledge_base_posts('marketing')
#2 C:\xampp\htdocs\wordpress\wp-includes\rest-api\class-wp-rest-server.php(1141): Automattic\WooCommerce\Admin\API\Marketing->get_knowledge_base_posts(Object(WP_REST_Request))
#3 C:\xampp\htdocs\wordpress\wp-includes\rest-api\class-wp-rest-server.php(988): WP_REST_Server->respond_to_request(Object(WP_REST_Request), '/wc-admin/marke...', Array, NULL)
#4 C:\xampp\htdocs\wordpress\wp-includes\rest-api\class-wp-rest-server.php(414): WP_REST_Server->dispatch(Object(WP_REST_Request))
#5 C:\xampp\htdocs\wordpress\wp-includes\rest-api.php(386): WP_REST_Server->serve_request('/wc-admin/marke...')
#6 C:\xampp\htdocs\wordpress\wp-includes\class-wp-hook.php(307): rest_api_loaded(Object(WP))
#7 C:\xampp\htdocs\wordpress\wp-includes\class-wp-hook.php(331): WP_Hook->apply_filters(NULL, Array)
#8 C:\xampp\htdocs\wordpress\wp-includes\plugin.php(522): WP_Hook->do_action(Array)
#9 C:\xampp\htdocs\wordpress\wp-includes\class-wp.php(396): do_action_ref_array('parse_request', Array)
#10 C:\xampp\htdocs\wordpress\wp-includes\class-wp.php(758): WP->parse_request('')
#11 C:\xampp\htdocs\wordpress\wp-includes\functions.php(1310): WP->main('')
#12 C:\xampp\htdocs\wordpress\wp-blog-header.php(16): wp()
#13 C:\xampp\htdocs\wordpress\index.php(17): require('C:\\xampp\\htdocs...')
#14 {main}
  thrown en C:\xampp\htdocs\wordpress\wp-content\plugins\woocommerce\packages\woocommerce-admin\src\Features\Marketing.php en la línea 270

